This file contains any messages produced by compilers while
running configure, to aid debugging if configure makes a mistake.

It was created by libtgvoip configure 2.4.4, which was
generated by GNU Autoconf 2.71.  Invocation command line was

  $ ./configure --host arm-aple-darwin11 --with-tgtest host_alias=arm-aple-darwin11 CC=arm-apple-darwin11-clang CXX=arm-apple-darwin11-clang++ --no-create --no-recursion

## --------- ##
## Platform. ##
## --------- ##

hostname = macbook.kuzm
uname -m = aarch64
uname -r = 6.6.3-414.asahi.fc39.aarch64+16k
uname -s = Linux
uname -v = #1 SMP PREEMPT_DYNAMIC Sun Mar 24 19:44:17 UTC 2024

/usr/bin/uname -p = unknown
/bin/uname -X     = unknown

/bin/arch              = aarch64
/usr/bin/arch -k       = unknown
/usr/convex/getsysinfo = unknown
/usr/bin/hostinfo      = unknown
/bin/machine           = unknown
/usr/bin/oslevel       = unknown
/bin/universe          = unknown

PATH: /home/kuzmich/bin/
PATH: /home/kuzmich/.cargo/bin/
PATH: /home/kuzmich/.local/bin/
PATH: /home/kuzmich/bin/
PATH: /home/kuzmich/.cargo/bin/
PATH: /home/kuzmich/.local/bin/
PATH: /usr/lib64/ccache/
PATH: /usr/local/bin/
PATH: /usr/bin/
PATH: /usr/local/sbin/
PATH: /usr/sbin/
PATH: /var/lib/snapd/snap/bin/
PATH: /usr/arm-apple-darwin/usr/bin/
PATH: /home/kuzmich/llvm-mingw/bin/
PATH: /home/kuzmich/macostoolchain/x86_64/bin/
PATH: /home/kuzmich/iostoolchain/x86_64/bin/
PATH: /usr/arm-apple-darwin/usr/bin/
PATH: /home/kuzmich/llvm-mingw/bin/
PATH: /home/kuzmich/macostoolchain/x86_64/bin/
PATH: /home/kuzmich/iostoolchain/x86_64/bin/


## ----------- ##
## Core tests. ##
## ----------- ##

configure:3030: looking for aux files: compile config.guess config.sub ltmain.sh missing install-sh
configure:3043:  trying ./
configure:3072:   ./compile found
configure:3072:   ./config.guess found
configure:3072:   ./config.sub found
configure:3072:   ./ltmain.sh found
configure:3072:   ./missing found
configure:3054:   ./install-sh found
configure:3204: checking for a BSD-compatible install
configure:3277: result: /usr/bin/install -c
configure:3288: checking whether build environment is sane
configure:3343: result: yes
configure:3399: checking for arm-aple-darwin11-strip
configure:3434: result: no
configure:3444: checking for strip
configure:3465: found /usr/bin/strip
configure:3476: result: strip
configure:3502: checking for a race-free mkdir -p
configure:3546: result: /usr/bin/mkdir -p
configure:3553: checking for gawk
configure:3574: found /usr/bin/gawk
configure:3585: result: gawk
configure:3596: checking whether make sets $(MAKE)
configure:3619: result: yes
configure:3649: checking whether make supports nested variables
configure:3667: result: yes
configure:3815: checking whether make supports nested variables
configure:3833: result: yes
configure:3876: checking build system type
configure:3891: result: aarch64-unknown-linux-gnu
configure:3911: checking host system type
configure:3925: result: arm-aple-darwin11
configure:3966: checking how to print strings
configure:3993: result: printf
configure:4027: checking whether make supports the include directive
configure:4042: make -f confmf.GNU && cat confinc.out
make[1]: Entering directory '/home/kuzmich/src/libtgvoip'
make[1]: Leaving directory '/home/kuzmich/src/libtgvoip'
this is the am__doit target
configure:4045: $? = 0
configure:4064: result: yes (GNU style)
configure:4095: checking for arm-aple-darwin11-gcc
configure:4127: result: arm-apple-darwin11-clang
configure:4525: checking for C compiler version
configure:4534: arm-apple-darwin11-clang --version >&5
./configure: line 4536: arm-apple-darwin11-clang: command not found
configure:4545: $? = 127
configure:4534: arm-apple-darwin11-clang -v >&5
./configure: line 4536: arm-apple-darwin11-clang: command not found
configure:4545: $? = 127
configure:4534: arm-apple-darwin11-clang -V >&5
./configure: line 4536: arm-apple-darwin11-clang: command not found
configure:4545: $? = 127
configure:4534: arm-apple-darwin11-clang -qversion >&5
./configure: line 4536: arm-apple-darwin11-clang: command not found
configure:4545: $? = 127
configure:4534: arm-apple-darwin11-clang -version >&5
./configure: line 4536: arm-apple-darwin11-clang: command not found
configure:4545: $? = 127
configure:4565: checking whether the C compiler works
configure:4587: arm-apple-darwin11-clang    conftest.c  >&5
./configure: line 4589: arm-apple-darwin11-clang: command not found
configure:4591: $? = 127
configure:4631: result: no
configure: failed program was:
| /* confdefs.h */
| #define PACKAGE_NAME "libtgvoip"
| #define PACKAGE_TARNAME "libtgvoip"
| #define PACKAGE_VERSION "2.4.4"
| #define PACKAGE_STRING "libtgvoip 2.4.4"
| #define PACKAGE_BUGREPORT "https://github.com/grishka/libtgvoip/issues"
| #define PACKAGE_URL ""
| #define PACKAGE "libtgvoip"
| #define VERSION "2.4.4"
| /* end confdefs.h.  */
| 
| int
| main (void)
| {
| 
|   ;
|   return 0;
| }
configure:4636: error: in `/home/kuzmich/src/libtgvoip':
configure:4638: error: C compiler cannot create executables
See `config.log' for more details

## ---------------- ##
## Cache variables. ##
## ---------------- ##

ac_cv_build=aarch64-unknown-linux-gnu
ac_cv_env_CCASFLAGS_set=
ac_cv_env_CCASFLAGS_value=
ac_cv_env_CCAS_set=
ac_cv_env_CCAS_value=
ac_cv_env_CCC_set=
ac_cv_env_CCC_value=
ac_cv_env_CC_set=set
ac_cv_env_CC_value=arm-apple-darwin11-clang
ac_cv_env_CFLAGS_set=
ac_cv_env_CFLAGS_value=
ac_cv_env_CPPFLAGS_set=
ac_cv_env_CPPFLAGS_value=
ac_cv_env_CXXCPP_set=
ac_cv_env_CXXCPP_value=
ac_cv_env_CXXFLAGS_set=
ac_cv_env_CXXFLAGS_value=
ac_cv_env_CXX_set=set
ac_cv_env_CXX_value=arm-apple-darwin11-clang++
ac_cv_env_LDFLAGS_set=
ac_cv_env_LDFLAGS_value=
ac_cv_env_LIBS_set=
ac_cv_env_LIBS_value=
ac_cv_env_LT_SYS_LIBRARY_PATH_set=
ac_cv_env_LT_SYS_LIBRARY_PATH_value=
ac_cv_env_OBJCXXFLAGS_set=
ac_cv_env_OBJCXXFLAGS_value=
ac_cv_env_OBJCXX_set=
ac_cv_env_OBJCXX_value=
ac_cv_env_build_alias_set=
ac_cv_env_build_alias_value=
ac_cv_env_host_alias_set=set
ac_cv_env_host_alias_value=arm-aple-darwin11
ac_cv_env_target_alias_set=
ac_cv_env_target_alias_value=
ac_cv_host=arm-aple-darwin11
ac_cv_path_install='/usr/bin/install -c'
ac_cv_path_mkdir=/usr/bin/mkdir
ac_cv_prog_AWK=gawk
ac_cv_prog_CC=arm-apple-darwin11-clang
ac_cv_prog_ac_ct_STRIP=strip
ac_cv_prog_make_make_set=yes
am_cv_make_support_nested_variables=yes

## ----------------- ##
## Output variables. ##
## ----------------- ##

ACLOCAL='${SHELL} '\''/home/kuzmich/src/libtgvoip/missing'\'' aclocal-1.16'
ALLOCA=''
AMDEPBACKSLASH='\'
AMDEP_FALSE='#'
AMDEP_TRUE=''
AMTAR='$${TAR-tar}'
AM_BACKSLASH='\'
AM_DEFAULT_V='$(AM_DEFAULT_VERBOSITY)'
AM_DEFAULT_VERBOSITY='0'
AM_V='$(V)'
AR=''
AUTOCONF='${SHELL} '\''/home/kuzmich/src/libtgvoip/missing'\'' autoconf'
AUTOHEADER='${SHELL} '\''/home/kuzmich/src/libtgvoip/missing'\'' autoheader'
AUTOMAKE='${SHELL} '\''/home/kuzmich/src/libtgvoip/missing'\'' automake-1.16'
AWK='gawk'
CC='arm-apple-darwin11-clang'
CCAS=''
CCASDEPMODE=''
CCASFLAGS=''
CCDEPMODE=''
CFLAGS=''
CPPFLAGS=''
CSCOPE='cscope'
CTAGS='ctags'
CXX='arm-apple-darwin11-clang++'
CXXCPP=''
CXXDEPMODE=''
CXXFLAGS=''
CYGPATH_W='echo'
DEFS=''
DEPDIR='.deps'
DLLTOOL=''
DSYMUTIL=''
DUMPBIN=''
ECHO_C=''
ECHO_N='-n'
ECHO_T=''
EGREP=''
ENABLE_AUDIO_CALLBACK_FALSE=''
ENABLE_AUDIO_CALLBACK_TRUE=''
ENABLE_DSP_FALSE=''
ENABLE_DSP_TRUE=''
ETAGS='etags'
EXEEXT=''
FGREP=''
FILECMD=''
GREP=''
INSTALL_DATA='${INSTALL} -m 644'
INSTALL_PROGRAM='${INSTALL}'
INSTALL_SCRIPT='${INSTALL}'
INSTALL_STRIP_PROGRAM='$(install_sh) -c -s'
LD=''
LDFLAGS=''
LIBOBJS=''
LIBS=''
LIBTOOL=''
LIPO=''
LN_S=''
LTLIBOBJS=''
LT_SYS_LIBRARY_PATH=''
MAKEINFO='${SHELL} '\''/home/kuzmich/src/libtgvoip/missing'\'' makeinfo'
MANIFEST_TOOL=''
MKDIR_P='/usr/bin/mkdir -p'
NM=''
NMEDIT=''
OBJCXX=''
OBJCXXDEPMODE=''
OBJCXXFLAGS=''
OBJDUMP=''
OBJEXT=''
OTOOL64=''
OTOOL=''
PACKAGE='libtgvoip'
PACKAGE_BUGREPORT='https://github.com/grishka/libtgvoip/issues'
PACKAGE_NAME='libtgvoip'
PACKAGE_STRING='libtgvoip 2.4.4'
PACKAGE_TARNAME='libtgvoip'
PACKAGE_URL=''
PACKAGE_VERSION='2.4.4'
PATH_SEPARATOR=':'
RANLIB=''
SED=''
SET_MAKE=''
SHELL='/bin/sh'
STRIP='strip'
TARGET_CPU_ARMV7_FALSE=''
TARGET_CPU_ARMV7_TRUE=''
TARGET_CPU_ARM_FALSE=''
TARGET_CPU_ARM_TRUE=''
TARGET_CPU_X86_FALSE=''
TARGET_CPU_X86_TRUE=''
TARGET_OS_OSX_FALSE=''
TARGET_OS_OSX_TRUE=''
VERSION='2.4.4'
WITH_ALSA_FALSE=''
WITH_ALSA_TRUE=''
WITH_PULSE_FALSE=''
WITH_PULSE_TRUE=''
ac_ct_AR=''
ac_ct_CC=''
ac_ct_CXX=''
ac_ct_DUMPBIN=''
ac_ct_OBJCXX=''
am__EXEEXT_FALSE=''
am__EXEEXT_TRUE=''
am__fastdepCCAS_FALSE=''
am__fastdepCCAS_TRUE=''
am__fastdepCC_FALSE=''
am__fastdepCC_TRUE=''
am__fastdepCXX_FALSE=''
am__fastdepCXX_TRUE=''
am__fastdepOBJCXX_FALSE=''
am__fastdepOBJCXX_TRUE=''
am__include='include'
am__isrc=''
am__leading_dot='.'
am__nodep='_no'
am__quote=''
am__tar='$${TAR-tar} chof - "$$tardir"'
am__untar='$${TAR-tar} xf -'
bindir='${exec_prefix}/bin'
build='aarch64-unknown-linux-gnu'
build_alias=''
build_cpu='aarch64'
build_os='linux-gnu'
build_vendor='unknown'
datadir='${datarootdir}'
datarootdir='${prefix}/share'
docdir='${datarootdir}/doc/${PACKAGE_TARNAME}'
dvidir='${docdir}'
exec_prefix='NONE'
host='arm-aple-darwin11'
host_alias='arm-aple-darwin11'
host_cpu='arm'
host_os='darwin11'
host_vendor='aple'
htmldir='${docdir}'
includedir='${prefix}/include'
infodir='${datarootdir}/info'
install_sh='${SHELL} /home/kuzmich/src/libtgvoip/install-sh'
libdir='${exec_prefix}/lib'
libexecdir='${exec_prefix}/libexec'
localedir='${datarootdir}/locale'
localstatedir='${prefix}/var'
mandir='${datarootdir}/man'
mkdir_p='$(MKDIR_P)'
oldincludedir='/usr/include'
pdfdir='${docdir}'
prefix='NONE'
program_transform_name='s,x,x,'
psdir='${docdir}'
runstatedir='${localstatedir}/run'
sbindir='${exec_prefix}/sbin'
sharedstatedir='${prefix}/com'
sysconfdir='${prefix}/etc'
target_alias=''

## ----------- ##
## confdefs.h. ##
## ----------- ##

/* confdefs.h */
#define PACKAGE_NAME "libtgvoip"
#define PACKAGE_TARNAME "libtgvoip"
#define PACKAGE_VERSION "2.4.4"
#define PACKAGE_STRING "libtgvoip 2.4.4"
#define PACKAGE_BUGREPORT "https://github.com/grishka/libtgvoip/issues"
#define PACKAGE_URL ""
#define PACKAGE "libtgvoip"
#define VERSION "2.4.4"

configure: exit 77
